234.806141 467.389184 467.389184 467.389184
263.677055 566.823595 566.823595 135.503894
263.677055 566.823595 566.823595 -135.503894
234.806141 467.389184 467.389184 -467.389184
263.677055 566.823595 135.503894 566.823595
298.909501 692.255535 165.349649 165.349649
298.909501 692.255535 165.349649 -165.349649
263.677055 566.823595 135.503894 -566.823595
263.677055 566.823595 -135.503894 566.823595
298.909501 692.255535 -165.349649 165.349649
298.909501 692.255535 -165.349649 -165.349649
263.677055 566.823595 -135.503894 -566.823595
234.806141 467.389184 -467.389184 467.389184
263.677055 566.823595 -566.823595 135.503894
263.677055 566.823595 -566.823595 -135.503894
234.806141 467.389184 -467.389184 -467.389184
263.677055 135.503894 566.823595 566.823595
298.909501 165.349649 692.255535 165.349649
298.909501 165.349649 692.255535 -165.349649
263.677055 135.503894 566.823595 -566.823595
298.909501 165.349649 165.349649 692.255535
342.189615 203.105832 203.105832 203.105832
342.189615 203.105832 203.105832 -203.105832
298.909501 165.349649 165.349649 -692.255535
298.909501 165.349649 -165.349649 692.255535
342.189615 203.105832 -203.105832 203.105832
342.189615 203.105832 -203.105832 -203.105832
298.909501 165.349649 -165.349649 -692.255535
263.677055 135.503894 -566.823595 566.823595
298.909501 165.349649 -692.255535 165.349649
298.909501 165.349649 -692.255535 -165.349649
263.677055 135.503894 -566.823595 -566.823595
263.677055 -135.503894 566.823595 566.823595
298.909501 -165.349649 692.255535 165.349649
298.909501 -165.349649 692.255535 -165.349649
263.677055 -135.503894 566.823595 -566.823595
298.909501 -165.349649 165.349649 692.255535
342.189615 -203.105832 203.105832 203.105832
342.189615 -203.105832 203.105832 -203.105832
298.909501 -165.349649 165.349649 -692.255535
298.909501 -165.349649 -165.349649 692.255535
342.189615 -203.105832 -203.105832 203.105832
342.189615 -203.105832 -203.105832 -203.105832
298.909501 -165.349649 -165.349649 -692.255535
263.677055 -135.503894 -566.823595 566.823595
298.909501 -165.349649 -692.255535 165.349649
298.909501 -165.349649 -692.255535 -165.349649
263.677055 -135.503894 -566.823595 -566.823595
234.806141 -467.389184 467.389184 467.389184
263.677055 -566.823595 566.823595 135.503894
263.677055 -566.823595 566.823595 -135.503894
234.806141 -467.389184 467.389184 -467.389184
263.677055 -566.823595 135.503894 566.823595
298.909501 -692.255535 165.349649 165.349649
298.909501 -692.255535 165.349649 -165.349649
263.677055 -566.823595 135.503894 -566.823595
263.677055 -566.823595 -135.503894 566.823595
298.909501 -692.255535 -165.349649 165.349649
298.909501 -692.255535 -165.349649 -165.349649
263.677055 -566.823595 -135.503894 -566.823595
234.806141 -467.389184 -467.389184 467.389184
263.677055 -566.823595 -566.823595 135.503894
263.677055 -566.823595 -566.823595 -135.503894
234.806141 -467.389184 -467.389184 -467.389184
