4.2216176138966119 -19.2284335589155013 -53.7949494413700080 -10.3384941863214213 -28.9237690812930879
3.8816278089686871 7.9621300899086265 -16.3318245154014647 6.8647335860067900 -14.0808581379172271
-4.5197646804980103 -14.9273130593302650 23.7389054310570273 6.4723635240211284 -10.2929994836628786
-4.6139300635291649 2.7224969589973886 -21.8339283929869659 7.5397838106348507 -60.4676891468886453
0.0590351356530379 -34.3745605717037677 22.2178354383111341 -24.9354437369562021 16.1169066982926523
-5.4496957339425851 -22.8136641620032066 4.8001491443577997 4.6760254886291497 -0.9838673695224408
5.0581797175305843 19.0880005730053171 -5.1954505987556061 26.8956417993839736 -7.3205665389670065
-0.0122831812032536 4.3910854826838364 0.3798937653188155 -5.3021786362294572 -0.4587167830035205
5.1850231465235055 9.5598069870251106 -70.8115471019035709 4.6737322771146541 -34.6193405088380430
1.0513294194840648 5.5502288686367720 -22.8232827379824279 -1.6841669981280107 6.9255197372961259
2.9522607296711803 -20.2658620667825531 -8.8380574839101467 -18.0041107966813527 -7.8516949164758385
-14.6060574643762067 -2.8090314496108260 -8.9981103878348687 2.2739081494285140 7.2839613608419382
-7.4773764133528964 -28.8479921987383037 -8.0744465423038179 -9.3811074310999079 -2.6257373455383211
-1.1936029671760802 -7.2732073543601770 2.1078243197162738 12.4482107583051125 -3.6075750483835183
3.0986631482666436 -4.6138355449441830 -16.1551216674481495 -1.4727686027949980 -5.1568279221011215
0.4935947209665656 -26.3977896733127473 4.6073678528774487 0.7932799774727214 -0.1384560113468202
6.7028353926731468 -22.9457206496840094 -33.0229751915185474 -25.0857762317974391 -36.1028959957307194
1.9200688408853814 1.3507755948672835 -32.0888718063723744 0.1044946492433382 -2.4823630340691603
3.2441960063352959 16.0528157605989321 -1.3734134737166626 -0.1099457351443421 0.0094065088814854
-8.3261101304041549 -9.4351830697070405 37.1124457349545054 -3.5040288532447312 13.7827829846016705
-3.0170100268142539 -19.4802311106552430 7.8263843859561373 21.2152184142946432 -8.5234334849069349
4.6296894311241417 16.4890946765126536 8.1634824231354983 18.1480624919165940 8.9848103897271621
-1.5753773711020094 -15.5598465783902036 -9.0303770510411656 23.2089115578610432 13.4696201055624911
-3.4647257482770897 -33.8967956576268037 37.2221747483053349 -79.6729606310385208 87.4891211923775103
2.6612861541007722 12.0406661027868402 0.5463852098080411 -2.3168529308321411 -0.1051348956860535
-9.1583842050920712 -35.5855093926926358 16.9948492663664119 49.9004566705817112 -23.8313502858983632
-7.5649198739794130 -39.7183610551854258 8.8581266821646167 7.0450442921635155 -1.5712102202489489
-1.4024209538085979 -11.8741953536732510 9.5986764341797830 -3.4623253780054615 2.7988204693838781
-0.7179345831954780 7.5686598854561797 -41.1377808762995940 -6.0887295434133915 33.0939460304332300
0.8581159572273644 13.8394429335350413 -13.4155566335134111 -3.3728798345464925 3.2695723849367209
-3.4844721562520404 -20.4220775404113155 20.4347047808938278 23.4435851787477922 -23.4580806573414122
-1.4347349874277291 -11.7915101499482624 21.8378131085293319 -30.4868433690998870 56.4614692517846137
-4.2515121596046583 -10.6105008669243563 3.1793131306266442 0.8753026585160578 -0.2622742573979144
-1.8842876741071697 -11.5552570023880463 -22.5392797015167794 20.7379770817887739 40.4507719554384266
-8.7502010608909195 -59.8256309057080458 -12.9715018508708066 -5.9881268742450358 -1.2983565347592116
1.3412005127160771 1.1414848649080565 5.2666871052675912 -0.6852641844956588 -3.1617344698439775
8.4624819111963383 28.8347149015044657 -92.5461520528481998 49.3618024233066777 -158.4286471454462060
-0.2458475837673859 -10.3313399191595021 -45.6588467786262484 8.6740793513872081 38.3346655080200378
-0.1220107275924955 -11.7637525603864148 13.4465127013083663 -11.3044250779135673 12.9214801663730796
-5.0392263553696051 25.4890937982161176 -83.3418037967882839 -49.9815640289219871 163.4249430651221644
-4.5478113348313371 13.3715261793725801 -6.1114600968005499 38.8845051018248995 -17.7721748531767751
3.7055249859690931 -1.1175407886184656 -9.6669853517976314 -0.9222158920429416 -7.9773799850250899
-14.9282453105718389 -80.3727509970458982 151.0676129597497663 37.6639570812316578 -70.7927005147460875
2.4157889195019235 -5.9853279171733993 1.4608936604981579 1.6631550390008067 -0.4059414432299441
0.4505997364907217 -8.5329347878010093 -24.7132198142116444 3.0193789746633870 8.7447728312587909
3.3774383559247685 -2.6450996247153657 1.6279875097731713 -1.3436444818647877 0.8269769552770266
-1.2931316050711532 23.7039524209183483 -1.5946556663807576 -31.6134398568255399 2.1267571798273561
2.0722324416966260 20.3487017186670442 -6.8896655083644971 -6.0856048281948780 2.0604647049245366
