1005.8695225490721441 918.2959609810883421 -1069.8715112944169050 9182.9596098108831939 -10698.7151129441699595
969.3297672478191771 916.3008804732066892 -1180.8544927357315828 9163.0088047320678015 -11808.5449273573158280
910.7690308863673181 780.7766948326585634 -543.1908190873125477 7807.7669483265854069 -5431.9081908731259318
904.2587635495173117 774.2664274958085571 -660.3112207179331108 7742.6642749580860254 -6603.1122071793306532
904.2587635495171980 774.2664274958084434 157.6563961435661838 7742.6642749580842064 1576.5639614356618949
910.7690308863672044 780.7766948326584497 40.5359945129452441 7807.7669483265844974 405.3599451294524556
969.3297672478191771 916.3008804732066892 678.1996681613638884 9163.0088047320678015 6781.9966816136384296
1005.8695225490720304 918.2959609810882284 567.2166867200500064 9182.9596098108813749 5672.1668672004998371
896.3102493785623892 807.1787985013858133 -1082.3845320042901221 8071.7879850138579059 -10823.8453200429012213
849.0843703099740196 794.2725171304952028 -1133.0682235734575443 7942.7251713049518003 -11330.6822357345754426
783.7231694380537874 652.6899985547677261 -571.3402583714490675 6526.8999855476777157 -5713.4025837144909019
777.8109280827709426 646.7777571994848813 -619.9698599123155418 6467.7775719948485857 -6199.6985991231558728
777.8109280827708290 646.7777571994847676 117.3150353379483164 6467.7775719948476763 1173.1503533794832492
783.7231694380536737 652.6899985547676124 68.6854337970820410 6526.8999855476758967 686.8543379708204384
849.0843703099739059 794.2725171304950891 630.4133989990901910 7942.7251713049508908 6304.1339899909016822
896.3102493785622755 807.1787985013856996 579.7297074299235646 8071.7879850138569964 5797.2970742992356463
853.4490490075232856 673.6105591076607197 -729.6744044978514694 6736.1055910766071975 -7296.7440449785144665
799.7885035225012871 660.8578967417793137 -810.9350305824792713 6608.5789674177931374 -8109.3503058247924855
724.9341581978376325 459.2195710767101104 -380.2433975293133699 4592.1957107671014455 -3802.4339752931336989
714.2696011724783602 448.5550140513508950 -456.8589030042252830 4485.5501405135091773 -4568.5890300422524888
714.2696011724783602 448.5550140513508950 205.5314907170418905 4485.5501405135091773 2055.3149071704187918
724.9341581978375189 459.2195710767101104 128.9159852421298922 4592.1957107671014455 1289.1598524212988650
799.7885035225011734 660.8578967417792001 559.6076182952958789 6608.5789674177922279 5596.0761829529583338
853.4490490075231719 673.6105591076606061 478.3469922106680201 6736.1055910766062880 4783.4699221066803148
821.9110312288250952 621.4571567135780015 -717.6533908496838876 6214.5715671357802421 -7176.5339084968391035
755.6728582415320261 593.4602001787587824 -772.1039698345499573 5934.6020017875880512 -7721.0396983454993460
687.1502677744942957 390.2049114225976609 -375.2860755389746146 3902.0491142259766093 -3752.8607553897463731
671.9072356052034820 374.9618792533069040 -435.8985460885928092 3749.6187925330691542 -4358.9854608859277505
671.9072356052034820 374.9618792533069040 184.5711338014093599 3749.6187925330691542 1845.7113380140935988
687.1502677744941820 390.2049114225976609 123.9586632517912363 3902.0491142259766093 1239.5866325179124487
755.6728582415319124 593.4602001787586687 520.7765575473665649 5934.6020017875871417 5207.7655754736661038
821.9110312288249816 621.4571567135778878 466.3259785625003815 6214.5715671357793326 4663.2597856250040422
821.9110312288249816 642.0725413289624157 -418.6759782785413790 6420.7254132896241572 -4186.7597827854133357
755.6728582415319124 616.7422514608099391 -445.4561685244440810 6167.4225146080989362 -4454.5616852444409233
687.1502677744945231 421.4356806533670010 -221.8016859482146685 4214.3568065336703512 -2218.0168594821466286
671.9072356052038231 406.1926484840762441 -223.6507538601350689 4061.9264848407624413 -2236.5075386013504612
671.9072356052038231 406.1926484840762441 223.6507538601350689 4061.9264848407624413 2236.5075386013504612
687.1502677744945231 421.4356806533670010 221.8016859482146685 4214.3568065336703512 2218.0168594821466286
755.6728582415317987 616.7422514608098254 445.4561685244440241 6167.4225146080980267 4454.5616852444400138
821.9110312288248679 642.0725413289623020 418.6759782785413222 6420.7254132896232477 4186.7597827854133357
853.4490490075231719 652.9951744922760781 -406.6549646303733994 6529.9517449227605539 -4066.5496463037338799
799.7885035225011734 637.5758454597279297 -406.6251077765149944 6375.7584545972795240 -4066.2510777651500575
724.9341581978375189 427.9888018459408840 -216.8443639578759985 4279.8880184594090679 -2168.4436395787597576
714.2696011724781329 417.3242448205816686 -202.6903969445025382 4173.2424482058167996 -2026.9039694450252682
714.2696011724783602 417.3242448205816686 202.6903969445025382 4173.2424482058167996 2026.9039694450252682
724.9341581978374052 427.9888018459408840 216.8443639578759985 4279.8880184594090679 2168.4436395787597576
799.7885035225010597 637.5758454597278160 406.6251077765149375 6375.7584545972786145 4066.2510777651496028
853.4490490075230582 652.9951744922759644 406.6549646303733425 6529.9517449227596444 4066.5496463037334252
896.3102493785621618 781.1018754244624915 -327.2978904367590189 7811.0187542446246880 -3272.9789043675900757
849.0843703099737922 763.2725171304949754 -343.8962501496432083 7632.7251713049499813 -3438.9625014964321963
783.7231694380536737 613.6130754778445180 -159.3599272080500668 6136.1307547784454073 -1593.5992720805006684
777.8109280827708290 607.7008341225616732 -157.2944282312864175 6077.0083412256171869 -1572.9442823128642885
777.8109280827708290 607.7008341225616732 157.2944282312864175 6077.0083412256171869 1572.9442823128642885
783.7231694380536737 613.6130754778445180 159.3599272080500668 6136.1307547784454073 1593.5992720805006684
849.0843703099739059 763.2725171304950891 343.8962501496432083 7632.7251713049508908 3438.9625014964321963
896.3102493785622755 781.1018754244626052 327.2978904367590189 7811.0187542446255975 3272.9789043675900757
1005.8695225490719167 835.6036532887804924 -355.4006547363757704 8356.0365328878051514 -3554.0065473637578179
969.3297672478190634 818.0188291911553051 -301.0330579104464164 8180.1882919115532786 -3010.3305791044640500
910.7690308863672044 660.4690025249662995 -190.1760331588534996 6604.6900252496634494 -1901.7603315885348820
904.2587635495171980 653.9587351881162931 -114.2864007590018218 6539.5873518811631584 -1142.8640075900182183
904.2587635495171980 653.9587351881162931 114.2864007590018502 6539.5873518811631584 1142.8640075900184456
910.7690308863672044 660.4690025249662995 190.1760331588534996 6604.6900252496634494 1901.7603315885348820
969.3297672478191771 818.0188291911554188 301.0330579104464164 8180.1882919115541881 3010.3305791044640500
1005.8695225490720304 835.6036532887806061 355.4006547363757704 8356.0365328878069704 3554.0065473637578179
