-3.8547855184261128 1.2815091553640152 -8.0325530506340623 0.0295336599945191 -0.1851182176049126
-6.0382546091603393 -1.8392152469769014 12.0583713447436764 -2.8084393801830481 18.4128557008826661
-7.1905500113624372 17.4727650439860298 14.9571149473835820 10.9237979778496257 9.3510386939547416
-4.7145932455509758 -15.7637438897991959 -9.7790723179133039 -14.9632925025629717 -9.2825105837543020
-4.6576682378367984 0.7669724448665159 24.9703236397352697 0.3951794843276928 12.8658593740790383
-6.4044084760065978 9.2183002725576788 17.4191650961214144 -1.4964804296464687 -2.8277924233741585
-0.7269292523194416 4.0440866992994398 -2.2486887625708172 6.8025744132383847 -3.7825283622754218
-6.1598359632701909 8.3732123932968143 6.2538272578565968 -5.9617690900892981 -4.4527562767301863
-7.5942848703129817 -20.4268692409688164 -1.7356261681112155 5.5983920528723230 0.4756830638942408
-2.9045213973234922 -4.4048950361863568 -8.3019622766132901 4.6877465611449916 8.8350561802814607
-5.2351824983193698 18.5033032641071884 -5.9244001349987627 -4.2488395153238772 1.3603963053992258
-8.2353515241353641 2.8177831509813878 22.0841006712275565 -0.4394079223471886 -3.4438167427718964
-4.7708599980855908 -6.8025960352535337 33.8421925227836340 -3.0164207391441922 15.0063726928377648
-7.4467975241168380 6.9697143053186581 -3.8999851659345364 -6.6070173425841805 3.6970338378844692
-4.4384881362288997 -2.3506494804838205 14.5882703648938357 0.7535618078555814 -4.6766493604962065
-2.8030904456043215 5.0855697152351631 9.1789927579557791 -2.3241816434081981 -4.1949373752771608
-7.1193333856128920 -9.4302415994406772 -9.5314272206693751 -8.8052806281625440 -8.8997604759011750
-2.9028488489348319 17.2386328285166357 25.0924068734355217 3.1452230368285172 4.5781598188720576
-4.6074253326581900 14.6748933997503705 -17.7542840933414574 23.5377365689560101 -28.4769129543786583
-7.9407952404220152 14.8204923365316521 -20.8850515031658865 -10.8807460382191064 15.3331573770277956
-5.2235339473280975 21.8403218244630253 5.3744453597324542 9.3124511420891398 2.2915990080456017
-0.4658144614972132 2.2653119834082824 -2.7250978189658785 4.5842914730154902 -5.5147559303608773
-1.1764722307362756 14.4753966543661399 21.3967783575839228 4.8863727962344514 7.2227820894994590
-5.6089134763061956 2.2661773506639031 -4.0448597603057594 -1.3371239530989760 2.3866088286720086
-7.1523246004721823 -2.1979789635888123 22.5769929052643796 3.6710666629649982 -37.7081161273654715
-5.0206249682978781 -5.0632827346454015 -19.0279790330971679 -0.3351386842061791 -1.2594619322007015
-4.0187071001261634 -14.5393318409401431 9.3740852370916219 -15.7407749882843930 10.1487033965734526
-2.9426129280550093 2.4780017579395297 10.6584183780466617 0.6369852198889038 2.7398103945871628
