1014.2405696825258019 90.2335757191401626 90.2335757191401626 902.3357571914016262 902.3357571914017399
938.6344279837264821 105.7253872121457476 61.8735479239407198 1057.2538721214573343 618.7354792394072547
889.5889724370075555 114.3952695854403743 36.4697827033800124 1143.9526958544033732 364.6978270338001380
865.3705218794416396 118.3494301532939801 12.0631663171835353 1183.4943015329395166 120.6316631718353420
865.3705218794416396 118.3494301532939801 -12.0631663171835317 1183.4943015329397440 -120.6316631718353278
889.5889724370075555 114.3952695854403885 -36.4697827033800053 1143.9526958544036006 -364.6978270338000812
938.6344279837267095 105.7253872121457619 -61.8735479239407127 1057.2538721214575617 -618.7354792394072547
1014.2405696825259156 90.2335757191401626 -90.2335757191401768 902.3357571914017399 -902.3357571914017399
938.6344279837267095 61.8735479239407198 105.7253872121457334 618.7354792394071410 1057.2538721214571069
850.2986295267985497 71.8796451312319817 71.8796451312319817 718.7964513123203005 718.7964513123201868
793.6075706937199357 78.3225724695804928 41.9374991325568942 783.2257246958051837 419.3749913255688853
765.8296733243056451 81.4003978162712656 13.8007228782695073 814.0039781627131106 138.0072287826950230
765.8296733243055314 81.4003978162712656 -13.8007228782695037 814.0039781627131106 -138.0072287826950514
793.6075706937199357 78.3225724695804786 -41.9374991325568800 783.2257246958051837 -419.3749913255688853
850.2986295267985497 71.8796451312320102 -71.8796451312319959 718.7964513123203005 -718.7964513123200732
938.6344279837268232 61.8735479239407198 -105.7253872121457192 618.7354792394072547 -1057.2538721214571069
889.5889724370080103 36.4697827033800124 114.3952695854403601 364.6978270338000812 1143.9526958544033732
793.6075706937199357 41.9374991325568871 78.3225724695804502 419.3749913255688284 783.2257246958049564
731.8082556229815054 45.7137598042386912 45.7137598042387054 457.1375980423870260 457.1375980423870260
701.5396827629574545 47.5930520089254472 15.0314921090387372 475.9305200892545713 150.3149210903873723
701.5396827629574545 47.5930520089254472 -15.0314921090387372 475.9305200892545713 -150.3149210903873723
731.8082556229815054 45.7137598042386912 -45.7137598042386983 457.1375980423870260 -457.1375980423869692
793.6075706937200493 41.9374991325568942 -78.3225724695804644 419.3749913255688853 -783.2257246958049564
889.5889724370080103 36.4697827033800266 -114.3952695854403458 364.6978270338001948 -1143.9526958544036006
865.3705218794417533 12.0631663171835317 118.3494301532939801 120.6316631718354131 1183.4943015329397440
765.8296733243054177 13.8007228782695073 81.4003978162712514 138.0072287826952504 814.0039781627128832
701.5396827629573409 15.0314921090387301 47.5930520089254543 150.3149210903874291 475.9305200892545713
670.0194784733931783 15.6558823529411821 15.6558823529411768 156.5588235294116828 156.5588235294117680
670.0194784733931783 15.6558823529411875 -15.6558823529411733 156.5588235294117965 -156.5588235294117680
701.5396827629573409 15.0314921090387461 -47.5930520089254614 150.3149210903872017 -475.9305200892545145
765.8296733243054177 13.8007228782695108 -81.4003978162712514 138.0072287826949093 -814.0039781627126558
865.3705218794418670 12.0631663171835477 -118.3494301532939659 120.6316631718352710 -1183.4943015329397440
865.3705218794417533 -12.0631663171835353 118.3494301532939375 -120.6316631718353278 1183.4943015329397440
765.8296733243056451 -13.8007228782695126 81.4003978162712372 -138.0072287826950230 814.0039781627127695
701.5396827629574545 -15.0314921090387479 47.5930520089254472 -150.3149210903873723 475.9305200892546281
670.0194784733932920 -15.6558823529411804 15.6558823529411786 -156.5588235294117680 156.5588235294117680
670.0194784733932920 -15.6558823529411661 -15.6558823529411733 -156.5588235294117680 -156.5588235294117680
701.5396827629573409 -15.0314921090387390 -47.5930520089254543 -150.3149210903873723 -475.9305200892545713
765.8296733243054177 -13.8007228782695037 -81.4003978162712372 -138.0072287826950514 -814.0039781627127695
865.3705218794416396 -12.0631663171835335 -118.3494301532939517 -120.6316631718353705 -1183.4943015329397440
889.5889724370073282 -36.4697827033800195 114.3952695854403743 -364.6978270338001380 1143.9526958544038280
793.6075706937199357 -41.9374991325568942 78.3225724695804786 -419.3749913255688853 783.2257246958047290
731.8082556229812781 -45.7137598042386983 45.7137598042386983 -457.1375980423870260 457.1375980423870260
701.5396827629571135 -47.5930520089254472 15.0314921090387354 -475.9305200892545145 150.3149210903873723
701.5396827629569998 -47.5930520089254472 -15.0314921090387354 -475.9305200892546281 -150.3149210903873723
731.8082556229811644 -45.7137598042386983 -45.7137598042386983 -457.1375980423870260 -457.1375980423869692
793.6075706937195946 -41.9374991325568871 -78.3225724695804644 -419.3749913255688853 -783.2257246958049564
889.5889724370073282 -36.4697827033800124 -114.3952695854403601 -364.6978270338001948 -1143.9526958544038280
938.6344279837263684 -61.8735479239407269 105.7253872121457334 -618.7354792394071410 1057.2538721214573343
850.2986295267983223 -71.8796451312319817 71.8796451312320102 -718.7964513123199595 718.7964513123200732
793.6075706937195946 -78.3225724695804786 41.9374991325568871 -783.2257246958048427 419.3749913255689421
765.8296733243050767 -81.4003978162712514 13.8007228782695055 -814.0039781627125421 138.0072287826950514
765.8296733243050767 -81.4003978162712514 -13.8007228782695037 -814.0039781627124285 -138.0072287826950514
793.6075706937195946 -78.3225724695804786 -41.9374991325568800 -783.2257246958047290 -419.3749913255688853
850.2986295267983223 -71.8796451312320102 -71.8796451312319959 -718.7964513123199595 -718.7964513123200732
938.6344279837265958 -61.8735479239407198 -105.7253872121457334 -618.7354792394071410 -1057.2538721214573343
1014.2405696825259156 -90.2335757191401626 90.2335757191401626 -902.3357571914016262 902.3357571914017399
938.6344279837267095 -105.7253872121457192 61.8735479239407127 -1057.2538721214571069 618.7354792394071410
889.5889724370076692 -114.3952695854403601 36.4697827033800124 -1143.9526958544038280 364.6978270338001948
865.3705218794416396 -118.3494301532939517 12.0631663171835335 -1183.4943015329395166 120.6316631718353420
865.3705218794416396 -118.3494301532939517 -12.0631663171835335 -1183.4943015329395166 -120.6316631718353136
889.5889724370075555 -114.3952695854403743 -36.4697827033800124 -1143.9526958544036006 -364.6978270338001948
938.6344279837265958 -105.7253872121457334 -61.8735479239407198 -1057.2538721214571069 -618.7354792394072547
1014.2405696825259156 -90.2335757191401768 -90.2335757191401626 -902.3357571914016262 -902.3357571914016262
