4.2216175686553736 -19.2284336041567379 -53.7949494874792791 -10.3384942106461413 -28.9237691060845208
3.8816278086587803 7.9621300895987197 -16.3318245157224666 6.8647335857395966 -14.0808581381939852
-4.5197645079727522 -14.9273128868050069 23.7389056928263500 6.4723634492155560 -10.2929995971639627
-4.6139300640879304 2.7224969584386232 -21.8339283942584785 7.5397838090873854 -60.4676891504100169
0.0588797118875322 -34.3747159954692734 22.2171077095403362 -24.9355564819773932 16.1163788009314004
-5.4496956497113835 -22.8136640777720032 4.8001489231620251 4.6760254713646168 -0.9838673241848277
5.0584187021155405 19.0882395575902741 -5.1953292359750893 26.8959785367896522 -7.3203955346829233
-0.0122831812032544 4.3910854826838364 0.3798937653188137 -5.3021786362294572 -0.4587167830035184
5.1850207489255880 9.5598045894271930 -70.8115595744025939 4.6737311049434185 -34.6193466065679800
1.0513293663002083 5.5502288154529147 -22.8232826486354590 -1.6841669819898479 6.9255197101845924
2.9522677934995230 -20.2658550029542113 -8.8380556775255847 -18.0041045212045070 -7.8516933116910188
-14.6060574643947039 -2.8090314496293232 -8.9981103879694881 2.2739081494434874 7.2839613609509124
-7.4773764065655932 -28.8479921919510005 -8.0744465537196675 -9.3811074288927383 -2.6257373492506524
-1.1935925382519905 -7.2731969254360864 2.1078230600333914 12.4481929090346686 -3.6075728924161101
3.0986631471440695 -4.6138355460667571 -16.1551216649251046 -1.4727686031533314 -5.1568279212957480
0.4935907553738892 -26.3977936389054229 4.6074065592935938 0.7932800966427469 -0.1384571745133318
6.7028358989841017 -22.9457201433730553 -33.0229735917542442 -25.0857756782648877 -36.1028942467628013
1.9200688404927293 1.3507755944746305 -32.0888718080462922 0.1044946492129629 -2.4823630341986531
3.2439556682387605 16.0525754225024002 -1.3735173992134646 -0.1099440890687189 0.0094072206672130
-8.3261794829356894 -9.4352524222385732 37.1123981792442166 -3.5040546093185392 13.7827653234095386
-3.0169275218447256 -19.4801486056857165 7.8264179768984103 21.2151285611025102 -8.5234700675928909
4.6299478149881441 16.4893530603766578 8.1633597487949103 18.1483468717811540 8.9846753731211670
-1.5753773711147387 -15.5598465784029329 -9.0303770510214623 23.2089115578800289 13.4696201055331031
-3.4647080144028877 -33.8967779237526017 37.2222375909750269 -79.6729189483297660 87.4892689013703944
2.6612722140846494 12.0406521627707193 0.5463904025405126 -2.3168502485081790 -0.1051358948664429
-9.1580288800554364 -35.5851540676560063 16.9947776753487929 49.8999584092979234 -23.8312498960336754
-7.5649198739794237 -39.7183610551854400 8.8581266821646203 7.0450442921635172 -1.5712102202489495
-1.4024208149246571 -11.8741952147893102 9.5986762927567995 -3.4623253375091263 2.7988204281471987
-0.7179434719597644 7.5686509966918916 -41.1377907396618383 -6.0887223927047396 33.0939539651728012
0.8581159560414517 13.8394429323491313 -13.4155566338202412 -3.3728798342574682 3.2695723850114997
-3.4844715647748106 -20.4220769489340839 20.4347087699440131 23.4435844997597300 -23.4580852365835391
-1.4347349874277291 -11.7915101499482624 21.8378131085293319 -30.4868433690998870 56.4614692517846137
-4.2515513986175897 -10.6105401059372877 3.1793167003683944 0.8753058954991906 -0.2622745518801903
-1.8842876852782755 -11.5552570135591530 -22.5392796745280499 20.7379771018373269 40.4507719070023271
-8.7502010543686524 -59.8256308991857750 -12.9715018604593961 -5.9881268735922015 -1.2983565357189624
1.3412004642261770 1.1414848164181581 5.2666869976557873 -0.6852641553858637 -3.1617344052417060
8.4624622243652716 28.8346952146733990 -92.5461666346249530 49.3617687216568157 -158.4286721078148616
-0.2458474641644450 -10.3313397995565577 -45.6588466470569045 8.6740792509698910 38.3346653975558596
-0.1220096813434526 -11.7637515141373719 13.4465119222465805 -11.3044240725163636 12.9214794177305397
-5.0392259582179992 25.4890941953677199 -83.3418135378137634 -49.9815648076965644 163.4249621662990251
-4.5475152161646921 13.3718222980392270 -6.1113922479763554 38.8853662172764558 -17.7719775482532256
3.7055249859569352 -1.1175407886306230 -9.6669853518118671 -0.9222158920529742 -7.9773799850368379
-14.9282728741807986 -80.3727785606548366 151.0676414212553027 37.6639699979798266 -70.7927138522629775
2.4157889099449212 -5.9853279267304034 1.4608935410067936 1.6631550416564307 -0.4059414100266397
0.4505997364862524 -8.5329347878054786 -24.7132198142133142 3.0193789746649684 8.7447728312593807
3.3774383559473016 -2.6450996246928327 1.6279875097699632 -1.3436444818533415 0.8269769552753969
-1.2931316050711141 23.7039524209183838 -1.5946556663806972 -31.6134398568255861 2.1267571798272753
2.0722353277537153 20.3487046047241336 -6.8896660101803588 -6.0856056913164274 2.0604648550005993
