4.0168784585925952 -21.0458660737412266 -47.9324135437262058 -11.3156676742702249 -25.7716769928146334
3.9700889614000539 5.2458865379074568 -5.5070894433653823 4.5228617340472885 -4.7480638266546622
-4.8260313744796610 -25.3047245366252476 25.2779913878086369 10.9719261212844117 -10.9603348418227231
-5.0317651055570840 -4.0065746446165029 -11.4869130105602757 -11.0959560640627952 -31.8122819072270246
0.9468933437825665 -46.1199319896784488 31.7178191971571977 -33.4555831450407055 23.0082329168946202
-5.9590735081483990 -28.8092577543567643 8.9927379257859741 5.9049183248794836 -1.8432055216966481
4.3982446356540201 12.5822332547451872 -5.4459903313958984 17.7287944518666301 -7.6735855406080855
-0.7395294876533876 -3.7254057462835917 4.6526838552963703 4.4983790083627344 -5.6180552703802533
5.5890479338484544 4.1362410850784483 -69.0092432315557573 2.0221834490483426 -33.7382049604482077
0.9658081669758249 2.5365188178471976 -12.5045734613395254 -0.7696838066063701 3.7944002756823267
0.6727371475693209 -16.9315459726524864 16.1388001885133683 -15.0419177159205830 14.3376455322745215
-14.6416556503458235 -11.6971566838801451 1.2743171874053960 9.4688366384442926 -1.0315584888874760
-7.9565541708847558 -34.5769544317232302 -4.1302677254151927 -11.2441143886065102 -1.3431258918954929
-1.0746403051245723 -11.5874914015345620 6.8200086996557774 19.8321769335888263 -11.6725540096000575
2.8614843475019622 -5.2610994456077487 -10.3735300412905058 -1.6793797707341129 -3.3113034038902200
-0.1119057917060182 -30.2477519595894968 6.7831599048813471 0.9089751941376237 -0.2038407383015894
6.5057181144789444 -22.3400710557770736 -26.8420219041297337 -24.4236401228651729 -29.3454699190402941
2.1499922512442078 2.1202951178597753 -11.5497057431891008 0.1640239100225146 -0.8934736865873658
2.8695959211191244 11.5748690869778255 3.2650130100549752 -0.0792762783767111 -0.0223620741058666
-8.9527039149677918 -18.4672631054335810 39.7463398218973580 -6.8583537048328171 14.7609559367164174
-2.0183418592326854 -25.5793543202321025 6.6359420110474936 27.8575539334092532 -7.2269655503194326
3.6784749297590351 9.7948250754760249 9.1394502534538109 10.7802824263196690 10.0589703434537956
-3.2764774489159896 -16.7376926120487539 15.0347004465583431 24.9657749232058030 -22.4256088390819528
-3.2891287013656743 -40.3098760745895746 42.0957960155942672 -94.7466303886515959 98.9443584154256541
2.3887640643643469 7.7517202274087360 5.6151299139077180 -1.4915782544377614 -1.0804576829042090
-8.9779342773569546 -38.6241490457037386 20.4920777404458541 54.1614468581699384 -28.7354053610172677
-7.5557728743071619 -45.8647818985237450 13.6193017492879882 8.1352656892506445 -2.4157236477799571
-1.3568627442407133 -22.2509677524983474 12.9166351882741477 -6.4880261811444804 3.7662841547377295
-0.3605657632327819 1.9654950290456736 -39.5017016548005415 -1.5811739240362570 31.7777759234307808
0.9023919600193375 11.4069004952000128 -2.1479685914565665 -2.7800327541876713 0.5234921652668372
-3.1499550015407860 -31.6423969602528601 30.6801667601001355 36.3239845177131571 -35.2193894727572356
-1.4155157958792386 -19.9264408781721905 23.6034581548377282 -51.5196335525463098 61.0265286282095687
-3.5170664806119585 -6.5061961320287658 9.4435178385928840 0.5367221437155809 -0.7790335605768808
-1.9310226598316416 -14.5112954359769635 -15.9725057290995966 26.0431171817436997 28.6655206093947292
-8.8070837905115376 -68.1691896005284548 -10.8323754268550374 -6.8232586946856921 -1.0842449536001999
1.0977211323563567 -5.0606005526353890 2.4274146897271947 3.0380151479619437 -1.4572425784398571
9.0373838029672910 26.4698178217782072 -78.8838186439126474 45.3133634912882570 -135.0402625306903985
-0.4487224013212748 -11.9953877474633046 -39.6117857048290460 10.0711956035049752 33.2576195481317001
-0.5881247344439799 -21.9556219892657261 13.4200896226184323 -21.0983427730728543 12.8960888032136829
-4.5857051926871097 22.8358714223418318 -69.6127529807391596 -44.7788602720701192 136.5036473199314457
-4.6238509534272572 4.5138215070705439 3.7661135254764293 13.1262290531331978 10.9518882609936608
3.5961458862547873 -2.9805397470227257 -4.1021206437942803 -2.4595980294983470 -3.3851478955512730
-14.7234794562876115 -86.9029731852183005 156.0724703862904903 40.7241236821642474 -73.1380567825418950
2.2252312124363716 -7.3653688505809223 7.7629387822049623 2.0466297732486223 -2.1571033252888570
0.4130439675756191 -7.6882785625365644 -3.7650441087931519 2.7204973693535637 1.3322608578964559
3.5128411607045722 -5.9166792269396895 3.2633494229657489 -3.0055251303046897 1.6576999231310257
-1.3133670416199446 18.8314329403311902 -0.1107563216718990 -25.1150678209950300 0.1477132695747333
3.0004068933057546 13.4283974537990307 10.9585965300293271 -4.0159771129178576 -3.2773436298497503
