-3.8547855184261142 1.2815091553640146 -8.0325530506340623 0.0295336599945191 -0.1851182176049126
-6.0382546091603393 -1.8392152469768994 12.0583713447436764 -2.8084393801830494 18.4128557008826625
-7.1905500113624381 17.4727650439860227 14.9571149473835856 10.9237979778496239 9.3510386939547434
-4.7145932455509749 -15.7637438897991995 -9.7790723179133021 -14.9632925025629753 -9.2825105837543020
-4.6576682378367984 0.7669724448665145 24.9703236397352804 0.3951794843276923 12.8658593740790401
-6.4044084760065987 9.2183002725576806 17.4191650961214144 -1.4964804296464684 -2.8277924233741585
-0.7269292523194404 4.0440866992994398 -2.2486887625708198 6.8025744132383839 -3.7825283622754258
-6.1598359632701909 8.3732123932968143 6.2538272578566003 -5.9617690900892999 -4.4527562767301871
-7.5942848703129817 -20.4268692409688164 -1.7356261681112142 5.5983920528723230 0.4756830638942404
-2.9045213973234922 -4.4048950361863559 -8.3019622766132919 4.6877465611449916 8.8350561802814660
-5.2351824983193689 18.5033032641071919 -5.9244001349987636 -4.2488395153238780 1.3603963053992267
-8.2353515241353623 2.8177831509813869 22.0841006712275529 -0.4394079223471885 -3.4438167427718964
-4.7708599980855926 -6.8025960352535400 33.8421925227836340 -3.0164207391441917 15.0063726928377594
-7.4467975241168372 6.9697143053186599 -3.8999851659345364 -6.6070173425841849 3.6970338378844687
-4.4384881362288988 -2.3506494804838201 14.5882703648938321 0.7535618078555818 -4.6766493604962065
-2.8030904456043211 5.0855697152351649 9.1789927579557791 -2.3241816434081990 -4.1949373752771573
-7.1193333856128920 -9.4302415994406772 -9.5314272206693751 -8.8052806281625422 -8.8997604759011697
-2.9028488489348323 17.2386328285166250 25.0924068734355252 3.1452230368285177 4.5781598188720594
-4.6074253326581909 14.6748933997503723 -17.7542840933414503 23.5377365689560136 -28.4769129543786548
-7.9407952404220152 14.8204923365316521 -20.8850515031658865 -10.8807460382191028 15.3331573770277902
-5.2235339473280966 21.8403218244630217 5.3744453597324560 9.3124511420891380 2.2915990080456021
-0.4658144614972131 2.2653119834082824 -2.7250978189658785 4.5842914730154902 -5.5147559303608773
-1.1764722307362752 14.4753966543661470 21.3967783575839263 4.8863727962344541 7.2227820894994581
-5.6089134763061939 2.2661773506639045 -4.0448597603057612 -1.3371239530989756 2.3866088286720073
-7.1523246004721814 -2.1979789635888096 22.5769929052643796 3.6710666629649982 -37.7081161273654857
-5.0206249682978772 -5.0632827346454015 -19.0279790330971679 -0.3351386842061792 -1.2594619322007015
-4.0187071001261643 -14.5393318409401431 9.3740852370916219 -15.7407749882843877 10.1487033965734508
-2.9426129280550102 2.4780017579395288 10.6584183780466617 0.6369852198889037 2.7398103945871632
