134.560324 336.845312 336.845312 336.845312
150.267292 0.000000 396.644417 396.644417
134.560324 -336.845312 336.845312 336.845312
150.267292 396.644417 0.000000 396.644417
168.881029 0.000000 -0.000000 469.388673
150.267292 -396.644417 0.000000 396.644417
134.560324 336.845312 -336.845312 336.845312
150.267292 0.000000 -396.644417 396.644417
134.560324 -336.845312 -336.845312 336.845312
150.267292 396.644417 396.644417 0.000000
168.881029 0.000000 469.388673 -0.000000
150.267292 -396.644417 396.644417 0.000000
168.881029 469.388673 0.000000 -0.000000
191.040835 0.000000 -0.000000 -0.000000
168.881029 -469.388673 0.000000 0.000000
150.267292 396.644417 -396.644417 -0.000000
168.881029 0.000000 -469.388673 0.000000
150.267292 -396.644417 -396.644417 -0.000000
134.560324 336.845312 336.845312 -336.845312
150.267292 0.000000 396.644417 -396.644417
134.560324 -336.845312 336.845312 -336.845312
150.267292 396.644417 0.000000 -396.644417
168.881029 0.000000 -0.000000 -469.388673
150.267292 -396.644417 0.000000 -396.644417
134.560324 336.845312 -336.845312 -336.845312
150.267292 0.000000 -396.644417 -396.644417
134.560324 -336.845312 -336.845312 -336.845312
